2026-02-15 20:24:51,826 - INFO - Pipeline started
2026-02-15 20:24:51,826 - INFO - Installing dependencies
2026-02-15 20:26:09,512 - INFO - Pipeline started
2026-02-15 20:26:09,512 - INFO - Installing dependencies
2026-02-15 20:26:09,705 - INFO - Running pytest
2026-02-15 20:31:46,878 - INFO - Pipeline started
2026-02-15 20:31:46,878 - INFO - Installing dependencies
2026-02-15 20:31:47,085 - INFO - Running pytest
2026-02-15 20:31:47,714 - INFO - Running unittest
2026-02-15 20:31:47,792 - INFO - Building project
2026-02-15 20:31:47,796 - INFO - Deploying project
2026-02-15 20:31:47,796 - INFO - Pipeline completed successfully
2026-02-15 20:34:01,486 - INFO - Pipeline started
2026-02-15 20:34:01,486 - INFO - Installing dependencies
2026-02-15 20:34:01,677 - INFO - Running pytest
2026-02-15 20:34:02,256 - INFO - Running unittest
2026-02-15 20:34:02,349 - INFO - Building project
2026-02-15 20:34:02,355 - INFO - Deploying project
2026-02-15 20:34:02,355 - INFO - Pipeline completed successfully
2026-02-15 20:34:02,385 - INFO - Pipeline started
2026-02-15 20:34:02,385 - INFO - Installing dependencies
2026-02-15 20:34:02,592 - INFO - Running pytest
2026-02-15 20:34:02,865 - INFO - Running unittest
2026-02-15 20:34:02,938 - INFO - Building project
2026-02-15 20:34:02,943 - INFO - Deploying project
2026-02-15 20:34:02,943 - INFO - Pipeline completed successfully
2026-02-15 20:34:02,970 - INFO - Pipeline started
2026-02-15 20:34:02,970 - INFO - Installing dependencies
2026-02-15 20:34:03,153 - INFO - Running pytest
2026-02-15 20:34:03,799 - INFO - Running unittest
2026-02-15 20:34:03,874 - INFO - Building project
2026-02-15 20:34:03,878 - INFO - Deploying project
2026-02-15 20:34:03,878 - INFO - Pipeline completed successfully
2026-02-15 20:34:03,904 - INFO - Pipeline started
2026-02-15 20:34:03,904 - INFO - Installing dependencies
2026-02-15 20:34:04,086 - INFO - Running pytest
2026-02-15 20:34:04,466 - INFO - Running unittest
2026-02-15 20:34:04,541 - INFO - Building project
2026-02-15 20:34:04,545 - INFO - Deploying project
2026-02-15 20:34:04,546 - INFO - Pipeline completed successfully
2026-02-15 20:34:04,572 - INFO - Pipeline started
2026-02-15 20:34:04,572 - INFO - Installing dependencies
2026-02-15 20:34:04,757 - INFO - Running pytest
2026-02-15 20:34:05,032 - INFO - Running unittest
2026-02-15 20:34:05,104 - INFO - Building project
2026-02-15 20:34:05,108 - INFO - Deploying project
2026-02-15 20:34:05,108 - INFO - Pipeline completed successfully
2026-02-16 10:46:46,070 - INFO - Pipeline started
2026-02-16 10:46:46,071 - INFO - Installing dependencies
2026-02-16 10:46:47,093 - INFO - Running pytest
2026-02-16 10:46:49,377 - INFO - Running unittest
2026-02-16 10:46:49,711 - INFO - Building project
2026-02-16 10:46:49,743 - INFO - Deploying project
2026-02-16 10:46:49,755 - INFO - Pipeline completed successfully
2026-02-16 10:55:18,704 - INFO - Pipeline started
2026-02-16 10:55:18,704 - INFO - Installing dependencies
2026-02-16 10:55:19,772 - INFO - Running pytest
2026-02-16 10:55:21,256 - INFO - Running unittest
2026-02-16 10:55:21,572 - INFO - Building project
2026-02-16 10:55:21,591 - INFO - Deploying project
2026-02-16 10:55:21,610 - INFO - Pipeline completed successfully
